* installing *source* package ‘acediaR’ ...
** using staged installation
** libs
using C++ compiler: ‘g++ (Ubuntu 13.3.0-6ubuntu2~24.04) 13.3.0’
make: 'acediaR.so' is up to date.
installing to /home/alekseim/Documents/gauntlet/acediaR/..Rcheck/00LOCK-acediaR/00new/acediaR/libs
** R
** byte-compile and prepare package for lazy loading
** help
Warning: acediaR.Rd:14: unknown macro '\item'
Warning: acediaR.Rd:15: unknown macro '\item'
Warning: acediaR.Rd:16: unknown macro '\item'
Warning: acediaR.Rd:17: unknown macro '\item'
*** installing help indices
** building package indices
** testing if installed package can be loaded from temporary location
** checking absolute paths in shared objects and dynamic libraries
** testing if installed package can be loaded from final location
** testing if installed package keeps a record of temporary installation path
* DONE (acediaR)
